<?xml version="1.0" encoding="UTF-8"?>
<coverage generated="1609181504">
  <project timestamp="1609181504">
    <package name="idimsh\ParallelProcesses">
      <file name="/srv/src/BackgroundProcessesConfig.php">
        <class name="idimsh\ParallelProcesses\BackgroundProcessesConfig" namespace="idimsh\ParallelProcesses">
          <metrics complexity="21" methods="13" coveredmethods="13" conditionals="0" coveredconditionals="0" statements="19" coveredstatements="19" elements="32" coveredelements="32"/>
        </class>
        <line num="47" type="method" name="create" visibility="public" complexity="1" crap="1" count="1"/>
        <line num="50" type="stmt" count="1"/>
        <line num="56" type="method" name="getSimultaneousProcessesCount" visibility="public" complexity="1" crap="1" count="2"/>
        <line num="58" type="stmt" count="2"/>
        <line num="65" type="method" name="setSimultaneousProcessesCount" visibility="public" complexity="1" crap="1" count="1"/>
        <line num="67" type="stmt" count="1"/>
        <line num="68" type="stmt" count="1"/>
        <line num="74" type="method" name="getProcessTimeoutSec" visibility="public" complexity="2" crap="2" count="2"/>
        <line num="76" type="stmt" count="2"/>
        <line num="83" type="method" name="setProcessTimeoutSec" visibility="public" complexity="2" crap="2" count="1"/>
        <line num="85" type="stmt" count="1"/>
        <line num="86" type="stmt" count="1"/>
        <line num="92" type="method" name="getProcessSleepMSec" visibility="public" complexity="1" crap="1" count="2"/>
        <line num="94" type="stmt" count="2"/>
        <line num="101" type="method" name="setProcessSleepMSec" visibility="public" complexity="1" crap="1" count="1"/>
        <line num="103" type="stmt" count="1"/>
        <line num="104" type="stmt" count="1"/>
        <line num="110" type="method" name="getCallbackProcessExit" visibility="public" complexity="2" crap="2" count="2"/>
        <line num="112" type="stmt" count="2"/>
        <line num="127" type="method" name="setCallbackProcessExit" visibility="public" complexity="2" crap="2" count="1"/>
        <line num="129" type="stmt" count="1"/>
        <line num="130" type="stmt" count="1"/>
        <line num="136" type="method" name="getCallbackProcessStreamRead" visibility="public" complexity="2" crap="2" count="2"/>
        <line num="138" type="stmt" count="2"/>
        <line num="154" type="method" name="setCallbackProcessStreamRead" visibility="public" complexity="2" crap="2" count="1"/>
        <line num="156" type="stmt" count="1"/>
        <line num="157" type="stmt" count="1"/>
        <line num="163" type="method" name="getCallbackOnBeforeStart" visibility="public" complexity="2" crap="2" count="2"/>
        <line num="165" type="stmt" count="2"/>
        <line num="179" type="method" name="setCallbackOnBeforeStart" visibility="public" complexity="2" crap="2" count="1"/>
        <line num="181" type="stmt" count="1"/>
        <line num="182" type="stmt" count="1"/>
        <metrics loc="184" ncloc="91" classes="1" methods="13" coveredmethods="13" conditionals="0" coveredconditionals="0" statements="19" coveredstatements="19" elements="32" coveredelements="32"/>
      </file>
      <file name="/srv/src/NewProcessFactory.php">
        <class name="idimsh\ParallelProcesses\NewProcessFactory" namespace="idimsh\ParallelProcesses">
          <metrics complexity="14" methods="3" coveredmethods="2" conditionals="0" coveredconditionals="0" statements="24" coveredstatements="23" elements="27" coveredelements="25"/>
        </class>
        <line num="26" type="method" name="newProcess" visibility="public" complexity="5" crap="5" count="2"/>
        <line num="35" type="stmt" count="2"/>
        <line num="36" type="stmt" count="2"/>
        <line num="43" type="stmt" count="1"/>
        <line num="44" type="stmt" count="1"/>
        <line num="45" type="stmt" count="1"/>
        <line num="46" type="stmt" count="1"/>
        <line num="47" type="stmt" count="1"/>
        <line num="49" type="stmt" count="1"/>
        <line num="53" type="stmt" count="1"/>
        <line num="65" type="method" name="newProcessFromShellEscaped" visibility="public" complexity="5" crap="5" count="2"/>
        <line num="74" type="stmt" count="2"/>
        <line num="75" type="stmt" count="2"/>
        <line num="82" type="stmt" count="1"/>
        <line num="83" type="stmt" count="1"/>
        <line num="84" type="stmt" count="1"/>
        <line num="85" type="stmt" count="1"/>
        <line num="86" type="stmt" count="1"/>
        <line num="88" type="stmt" count="1"/>
        <line num="92" type="stmt" count="1"/>
        <line num="99" type="method" name="getPhpBinaryPath" visibility="public" complexity="4" crap="4.07" count="1"/>
        <line num="101" type="stmt" count="1"/>
        <line num="102" type="stmt" count="1"/>
        <line num="103" type="stmt" count="1"/>
        <line num="104" type="stmt" count="1"/>
        <line num="105" type="stmt" count="0"/>
        <line num="108" type="stmt" count="1"/>
        <metrics loc="110" ncloc="85" classes="1" methods="3" coveredmethods="2" conditionals="0" coveredconditionals="0" statements="24" coveredstatements="23" elements="27" coveredelements="25"/>
      </file>
      <file name="/srv/src/ParallelCliProcesses.php">
        <class name="idimsh\ParallelProcesses\ParallelCliProcesses" namespace="idimsh\ParallelProcesses">
          <metrics complexity="51" methods="19" coveredmethods="9" conditionals="0" coveredconditionals="0" statements="159" coveredstatements="119" elements="178" coveredelements="128"/>
        </class>
        <line num="59" type="method" name="__construct" visibility="public" complexity="2" crap="2" count="10"/>
        <line num="66" type="stmt" count="10"/>
        <line num="67" type="stmt" count="10"/>
        <line num="68" type="stmt" count="10"/>
        <line num="69" type="stmt" count="10"/>
        <line num="71" type="stmt" count="10"/>
        <line num="72" type="stmt" count="10"/>
        <line num="74" type="method" name="__clone" visibility="public" complexity="1" crap="2" count="0"/>
        <line num="76" type="stmt" count="0"/>
        <line num="77" type="stmt" count="0"/>
        <line num="79" type="method" name="__wakeup" visibility="public" complexity="1" crap="2" count="0"/>
        <line num="81" type="stmt" count="0"/>
        <line num="82" type="stmt" count="0"/>
        <line num="88" type="method" name="execWithLoop" visibility="public" complexity="1" crap="1" count="1"/>
        <line num="92" type="stmt" count="1"/>
        <line num="93" type="stmt" count="1"/>
        <line num="95" type="stmt" count="1"/>
        <line num="96" type="stmt" count="1"/>
        <line num="97" type="stmt" count="1"/>
        <line num="99" type="stmt" count="1"/>
        <line num="106" type="method" name="exec" visibility="public" complexity="2" crap="2.04" count="1"/>
        <line num="110" type="stmt" count="1"/>
        <line num="111" type="stmt" count="0"/>
        <line num="112" type="stmt" count="0"/>
        <line num="115" type="stmt" count="1"/>
        <line num="116" type="stmt" count="1"/>
        <line num="117" type="stmt" count="1"/>
        <line num="118" type="stmt" count="1"/>
        <line num="119" type="stmt" count="1"/>
        <line num="123" type="stmt" count="1"/>
        <line num="125" type="method" name="isAnyRunning" visibility="public" complexity="1" crap="1" count="2"/>
        <line num="127" type="stmt" count="2"/>
        <line num="130" type="method" name="countRunning" visibility="public" complexity="1" crap="1" count="2"/>
        <line num="132" type="stmt" count="2"/>
        <line num="135" type="method" name="getLoop" visibility="public" complexity="1" crap="1" count="1"/>
        <line num="137" type="stmt" count="1"/>
        <line num="140" type="method" name="getLogger" visibility="public" complexity="2" crap="2" count="1"/>
        <line num="142" type="stmt" count="1"/>
        <line num="151" type="method" name="stopAll" visibility="public" complexity="3" crap="3" count="2"/>
        <line num="153" type="stmt" count="2"/>
        <line num="154" type="stmt" count="2"/>
        <line num="156" type="stmt" count="1"/>
        <line num="157" type="stmt" count="1"/>
        <line num="158" type="stmt" count="1"/>
        <line num="160" type="stmt" count="1"/>
        <line num="161" type="stmt" count="1"/>
        <line num="163" type="stmt" count="1"/>
        <line num="173" type="method" name="stopAllInternal" visibility="protected" complexity="4" crap="4.59" count="1"/>
        <line num="175" type="stmt" count="1"/>
        <line num="176" type="stmt" count="1"/>
        <line num="177" type="stmt" count="1"/>
        <line num="179" type="stmt" count="1"/>
        <line num="180" type="stmt" count="0"/>
        <line num="181" type="stmt" count="0"/>
        <line num="182" type="stmt" count="0"/>
        <line num="184" type="stmt" count="0"/>
        <line num="187" type="stmt" count="1"/>
        <line num="188" type="stmt" count="1"/>
        <line num="189" type="stmt" count="1"/>
        <line num="191" type="stmt" count="1"/>
        <line num="200" type="method" name="nextLoop" visibility="protected" complexity="6" crap="6.56" count="4"/>
        <line num="206" type="stmt" count="4"/>
        <line num="207" type="stmt" count="1"/>
        <line num="208" type="stmt" count="0"/>
        <line num="209" type="stmt" count="0"/>
        <line num="210" type="stmt" count="0"/>
        <line num="211" type="stmt" count="0"/>
        <line num="215" type="stmt" count="1"/>
        <line num="217" type="stmt" count="3"/>
        <line num="218" type="stmt" count="1"/>
        <line num="220" type="stmt" count="2"/>
        <line num="221" type="stmt" count="2"/>
        <line num="222" type="stmt" count="2"/>
        <line num="224" type="stmt" count="2"/>
        <line num="225" type="stmt" count="2"/>
        <line num="229" type="stmt" count="2"/>
        <line num="231" type="stmt" count="2"/>
        <line num="240" type="method" name="execNext" visibility="protected" complexity="4" crap="4.59" count="3"/>
        <line num="246" type="stmt" count="3"/>
        <line num="247" type="stmt" count="3"/>
        <line num="248" type="stmt" count="1"/>
        <line num="250" type="stmt" count="2"/>
        <line num="251" type="stmt" count="2"/>
        <line num="252" type="stmt" count="2"/>
        <line num="253" type="stmt" count="2"/>
        <line num="256" type="stmt" count="2"/>
        <line num="257" type="stmt" count="2"/>
        <line num="259" type="stmt" count="1"/>
        <line num="261" type="stmt" count="1"/>
        <line num="262" type="stmt" count="0"/>
        <line num="263" type="stmt" count="0"/>
        <line num="264" type="stmt" count="0"/>
        <line num="266" type="stmt" count="0"/>
        <line num="267" type="stmt" count="0"/>
        <line num="268" type="stmt" count="0"/>
        <line num="272" type="stmt" count="1"/>
        <line num="275" type="method" name="periodicCheckRunning" visibility="protected" complexity="4" crap="4.02" count="3"/>
        <line num="277" type="stmt" count="3"/>
        <line num="278" type="stmt" count="2"/>
        <line num="279" type="stmt" count="1"/>
        <line num="280" type="stmt" count="1"/>
        <line num="282" type="stmt" count="1"/>
        <line num="283" type="stmt" count="1"/>
        <line num="287" type="stmt" count="1"/>
        <line num="288" type="stmt" count="0"/>
        <line num="292" type="stmt" count="3"/>
        <line num="297" type="method" name="getRunningProcesses" visibility="protected" complexity="4" crap="4.10" count="1"/>
        <line num="299" type="stmt" count="1"/>
        <line num="300" type="stmt" count="1"/>
        <line num="301" type="stmt" count="1"/>
        <line num="302" type="stmt" count="1"/>
        <line num="303" type="stmt" count="1"/>
        <line num="304" type="stmt" count="1"/>
        <line num="307" type="stmt" count="1"/>
        <line num="308" type="stmt" count="1"/>
        <line num="309" type="stmt" count="0"/>
        <line num="310" type="stmt" count="0"/>
        <line num="315" type="stmt" count="1"/>
        <line num="318" type="method" name="processStopProcedure" visibility="protected" complexity="4" crap="4.07" count="1"/>
        <line num="320" type="stmt" count="1"/>
        <line num="323" type="stmt" count="1"/>
        <line num="325" type="stmt" count="0"/>
        <line num="326" type="stmt" count="0"/>
        <line num="328" type="stmt" count="1"/>
        <line num="329" type="stmt" count="1"/>
        <line num="330" type="stmt" count="1"/>
        <line num="332" type="stmt" count="1"/>
        <line num="333" type="stmt" count="1"/>
        <line num="336" type="stmt" count="1"/>
        <line num="339" type="stmt" count="1"/>
        <line num="342" type="stmt" count="1"/>
        <line num="345" type="method" name="canRunMoreProcesses" visibility="protected" complexity="1" crap="1" count="5"/>
        <line num="347" type="stmt" count="5"/>
        <line num="348" type="stmt" count="5"/>
        <line num="357" type="method" name="startBackgroundProcess" visibility="protected" complexity="8" crap="11.94" count="2"/>
        <line num="360" type="stmt" count="2"/>
        <line num="361" type="stmt" count="1"/>
        <line num="362" type="stmt" count="1"/>
        <line num="363" type="stmt" count="1"/>
        <line num="364" type="stmt" count="1"/>
        <line num="365" type="stmt" count="1"/>
        <line num="366" type="stmt" count="1"/>
        <line num="370" type="stmt" count="1"/>
        <line num="371" type="stmt" count="1"/>
        <line num="372" type="stmt" count="1"/>
        <line num="373" type="stmt" count="1"/>
        <line num="374" type="stmt" count="1"/>
        <line num="375" type="stmt" count="1"/>
        <line num="378" type="stmt" count="2"/>
        <line num="379" type="stmt" count="2"/>
        <line num="380" type="stmt" count="2"/>
        <line num="382" type="stmt" count="2"/>
        <line num="383" type="stmt" count="0"/>
        <line num="384" type="stmt" count="0"/>
        <line num="385" type="stmt" count="0"/>
        <line num="387" type="stmt" count="0"/>
        <line num="391" type="stmt" count="2"/>
        <line num="392" type="stmt" count="0"/>
        <line num="394" type="stmt" count="2"/>
        <line num="395" type="stmt" count="2"/>
        <line num="396" type="stmt" count="2"/>
        <line num="398" type="stmt" count="0"/>
        <line num="399" type="stmt" count="0"/>
        <line num="400" type="stmt" count="0"/>
        <line num="401" type="stmt" count="0"/>
        <line num="402" type="stmt" count="0"/>
        <line num="403" type="stmt" count="0"/>
        <line num="405" type="stmt" count="0"/>
        <line num="406" type="stmt" count="0"/>
        <line num="407" type="stmt" count="0"/>
        <line num="411" type="stmt" count="0"/>
        <line num="413" type="stmt" count="2"/>
        <line num="414" type="stmt" count="2"/>
        <line num="417" type="method" name="resetStatus" visibility="protected" complexity="1" crap="1" count="1"/>
        <line num="419" type="stmt" count="1"/>
        <line num="420" type="stmt" count="1"/>
        <line num="421" type="stmt" count="1"/>
        <line num="422" type="stmt" count="1"/>
        <metrics loc="423" ncloc="350" classes="1" methods="19" coveredmethods="9" conditionals="0" coveredconditionals="0" statements="159" coveredstatements="119" elements="178" coveredelements="128"/>
      </file>
    </package>
    <package name="idimsh\ParallelProcesses\Command">
      <file name="/srv/src/Command/SimpleCommand.php">
        <class name="idimsh\ParallelProcesses\Command\SimpleCommand" namespace="idimsh\ParallelProcesses\Command">
          <metrics complexity="20" methods="14" coveredmethods="14" conditionals="0" coveredconditionals="0" statements="20" coveredstatements="20" elements="34" coveredelements="34"/>
        </class>
        <line num="42" type="method" name="__construct" visibility="public" complexity="1" crap="1" count="12"/>
        <line num="44" type="stmt" count="12"/>
        <line num="45" type="stmt" count="12"/>
        <line num="51" type="method" name="fromString" visibility="public" complexity="1" crap="1" count="1"/>
        <line num="53" type="stmt" count="1"/>
        <line num="59" type="method" name="getCommandParts" visibility="public" complexity="1" crap="1" count="2"/>
        <line num="61" type="stmt" count="2"/>
        <line num="67" type="method" name="getCommandString" visibility="public" complexity="1" crap="1" count="1"/>
        <line num="69" type="stmt" count="1"/>
        <line num="75" type="method" name="isAsShellEscaped" visibility="public" complexity="1" crap="1" count="2"/>
        <line num="77" type="stmt" count="2"/>
        <line num="87" type="method" name="setAsShellEscaped" visibility="public" complexity="1" crap="1" count="1"/>
        <line num="89" type="stmt" count="1"/>
        <line num="90" type="stmt" count="1"/>
        <line num="96" type="method" name="getCwd" visibility="public" complexity="2" crap="2" count="2"/>
        <line num="98" type="stmt" count="2"/>
        <line num="105" type="method" name="setCwd" visibility="public" complexity="2" crap="2" count="1"/>
        <line num="107" type="stmt" count="1"/>
        <line num="108" type="stmt" count="1"/>
        <line num="114" type="method" name="getEnv" visibility="public" complexity="2" crap="2" count="2"/>
        <line num="116" type="stmt" count="2"/>
        <line num="123" type="method" name="setEnv" visibility="public" complexity="2" crap="2" count="1"/>
        <line num="125" type="stmt" count="1"/>
        <line num="126" type="stmt" count="1"/>
        <line num="132" type="method" name="getInput" visibility="public" complexity="1" crap="1" count="2"/>
        <line num="134" type="stmt" count="2"/>
        <line num="141" type="method" name="setInput" visibility="public" complexity="1" crap="1" count="1"/>
        <line num="143" type="stmt" count="1"/>
        <line num="144" type="stmt" count="1"/>
        <line num="150" type="method" name="getTimeout" visibility="public" complexity="2" crap="2" count="2"/>
        <line num="152" type="stmt" count="2"/>
        <line num="159" type="method" name="setTimeout" visibility="public" complexity="2" crap="2" count="1"/>
        <line num="161" type="stmt" count="1"/>
        <line num="162" type="stmt" count="1"/>
        <metrics loc="164" ncloc="98" classes="1" methods="14" coveredmethods="14" conditionals="0" coveredconditionals="0" statements="20" coveredstatements="20" elements="34" coveredelements="34"/>
      </file>
    </package>
    <package name="idimsh\ParallelProcesses\Exception">
      <file name="/srv/src/Exception/InvalidCommandException.php">
        <class name="idimsh\ParallelProcesses\Exception\InvalidCommandException" namespace="idimsh\ParallelProcesses\Exception">
          <metrics complexity="0" methods="0" coveredmethods="0" conditionals="0" coveredconditionals="0" statements="0" coveredstatements="0" elements="0" coveredelements="0"/>
        </class>
        <metrics loc="9" ncloc="9" classes="0" methods="0" coveredmethods="0" conditionals="0" coveredconditionals="0" statements="0" coveredstatements="0" elements="0" coveredelements="0"/>
      </file>
      <file name="/srv/src/Exception/ProcessRuntimeException.php">
        <class name="idimsh\ParallelProcesses\Exception\ProcessRuntimeException" namespace="idimsh\ParallelProcesses\Exception">
          <metrics complexity="0" methods="0" coveredmethods="0" conditionals="0" coveredconditionals="0" statements="0" coveredstatements="0" elements="0" coveredelements="0"/>
        </class>
        <metrics loc="9" ncloc="9" classes="0" methods="0" coveredmethods="0" conditionals="0" coveredconditionals="0" statements="0" coveredstatements="0" elements="0" coveredelements="0"/>
      </file>
    </package>
    <file name="/srv/src/Exception/ParallelProcessThrowable.php">
      <metrics loc="9" ncloc="9" classes="0" methods="0" coveredmethods="0" conditionals="0" coveredconditionals="0" statements="0" coveredstatements="0" elements="0" coveredelements="0"/>
    </file>
    <package name="idimsh\ParallelProcesses\HackedProcess">
      <file name="/srv/src/HackedProcess/BetterProcess.php">
        <class name="idimsh\ParallelProcesses\HackedProcess\BetterProcess" namespace="idimsh\ParallelProcesses\HackedProcess">
          <metrics complexity="17" methods="3" coveredmethods="1" conditionals="0" coveredconditionals="0" statements="34" coveredstatements="14" elements="37" coveredelements="15"/>
        </class>
        <line num="65" type="method" name="__construct" visibility="public" complexity="4" crap="4" count="4"/>
        <line num="67" type="stmt" count="4"/>
        <line num="69" type="stmt" count="2"/>
        <line num="70" type="stmt" count="2"/>
        <line num="71" type="stmt" count="2"/>
        <line num="72" type="stmt" count="2"/>
        <line num="73" type="stmt" count="2"/>
        <line num="74" type="stmt" count="2"/>
        <line num="75" type="stmt" count="2"/>
        <line num="76" type="stmt" count="2"/>
        <line num="77" type="stmt" count="2"/>
        <line num="78" type="stmt" count="2"/>
        <line num="79" type="stmt" count="2"/>
        <line num="80" type="stmt" count="2"/>
        <line num="81" type="stmt" count="2"/>
        <line num="83" type="method" name="updateStatus" visibility="protected" complexity="10" crap="110" count="0"/>
        <line num="85" type="stmt" count="0"/>
        <line num="86" type="stmt" count="0"/>
        <line num="89" type="stmt" count="0"/>
        <line num="90" type="stmt" count="0"/>
        <line num="91" type="stmt" count="0"/>
        <line num="93" type="stmt" count="0"/>
        <line num="94" type="stmt" count="0"/>
        <line num="97" type="stmt" count="0"/>
        <line num="98" type="stmt" count="0"/>
        <line num="100" type="stmt" count="0"/>
        <line num="102" type="stmt" count="0"/>
        <line num="103" type="stmt" count="0"/>
        <line num="104" type="stmt" count="0"/>
        <line num="107" type="stmt" count="0"/>
        <line num="108" type="stmt" count="0"/>
        <line num="110" type="stmt" count="0"/>
        <line num="118" type="method" name="start" visibility="public" complexity="3" crap="12" count="0"/>
        <line num="120" type="stmt" count="0"/>
        <line num="121" type="stmt" count="0"/>
        <line num="123" type="stmt" count="0"/>
        <line num="124" type="stmt" count="0"/>
        <metrics loc="126" ncloc="79" classes="1" methods="3" coveredmethods="1" conditionals="0" coveredconditionals="0" statements="34" coveredstatements="14" elements="37" coveredelements="15"/>
      </file>
    </package>
    <package name="idimsh\ParallelProcesses\SampleCallbacks">
      <file name="/srv/src/SampleCallbacks/SampleOnExitStopAllIfError.php">
        <class name="idimsh\ParallelProcesses\SampleCallbacks\SampleOnExitStopAllIfError" namespace="idimsh\ParallelProcesses\SampleCallbacks">
          <metrics complexity="6" methods="0" coveredmethods="0" conditionals="0" coveredconditionals="0" statements="0" coveredstatements="0" elements="0" coveredelements="0"/>
        </class>
        <metrics loc="38" ncloc="35" classes="0" methods="0" coveredmethods="0" conditionals="0" coveredconditionals="0" statements="0" coveredstatements="0" elements="0" coveredelements="0"/>
      </file>
      <file name="/srv/src/SampleCallbacks/SampleOnReadDumpOutAndError.php">
        <class name="idimsh\ParallelProcesses\SampleCallbacks\SampleOnReadDumpOutAndError" namespace="idimsh\ParallelProcesses\SampleCallbacks">
          <metrics complexity="4" methods="0" coveredmethods="0" conditionals="0" coveredconditionals="0" statements="0" coveredstatements="0" elements="0" coveredelements="0"/>
        </class>
        <metrics loc="50" ncloc="44" classes="0" methods="0" coveredmethods="0" conditionals="0" coveredconditionals="0" statements="0" coveredstatements="0" elements="0" coveredelements="0"/>
      </file>
      <file name="/srv/src/SampleCallbacks/SampleOnStartLog.php">
        <class name="idimsh\ParallelProcesses\SampleCallbacks\SampleOnStartLog" namespace="idimsh\ParallelProcesses\SampleCallbacks">
          <metrics complexity="2" methods="0" coveredmethods="0" conditionals="0" coveredconditionals="0" statements="0" coveredstatements="0" elements="0" coveredelements="0"/>
        </class>
        <metrics loc="28" ncloc="25" classes="0" methods="0" coveredmethods="0" conditionals="0" coveredconditionals="0" statements="0" coveredstatements="0" elements="0" coveredelements="0"/>
      </file>
    </package>
    <metrics files="11" loc="1150" ncloc="834" classes="5" methods="52" coveredmethods="39" conditionals="0" coveredconditionals="0" statements="256" coveredstatements="195" elements="308" coveredelements="234"/>
  </project>
</coverage>
