<?xml version="1.0" encoding="UTF-8"?>
<testsuites>
  <testsuite name="unit" tests="61" assertions="172" errors="0" warnings="0" failures="0" skipped="0" time="2.622930">
    <testsuite name="idimsh\ParallelProcessesUnitTest\BackgroundProcessesConfigTest" file="/srv/tests/unit/BackgroundProcessesConfigTest.php" tests="13" assertions="19" errors="0" warnings="0" failures="0" skipped="0" time="0.268563">
      <testcase name="testCreate" class="idimsh\ParallelProcessesUnitTest\BackgroundProcessesConfigTest" classname="idimsh.ParallelProcessesUnitTest.BackgroundProcessesConfigTest" file="/srv/tests/unit/BackgroundProcessesConfigTest.php" line="22" assertions="1" time="0.219823"/>
      <testcase name="testGetSimultaneousProcessesCount" class="idimsh\ParallelProcessesUnitTest\BackgroundProcessesConfigTest" classname="idimsh.ParallelProcessesUnitTest.BackgroundProcessesConfigTest" file="/srv/tests/unit/BackgroundProcessesConfigTest.php" line="27" assertions="1" time="0.020866"/>
      <testcase name="testSetSimultaneousProcessesCount" class="idimsh\ParallelProcessesUnitTest\BackgroundProcessesConfigTest" classname="idimsh.ParallelProcessesUnitTest.BackgroundProcessesConfigTest" file="/srv/tests/unit/BackgroundProcessesConfigTest.php" line="32" assertions="2" time="0.002628"/>
      <testcase name="testGetProcessTimeoutSec" class="idimsh\ParallelProcessesUnitTest\BackgroundProcessesConfigTest" classname="idimsh.ParallelProcessesUnitTest.BackgroundProcessesConfigTest" file="/srv/tests/unit/BackgroundProcessesConfigTest.php" line="38" assertions="1" time="0.002200"/>
      <testcase name="testSetProcessTimeoutSec" class="idimsh\ParallelProcessesUnitTest\BackgroundProcessesConfigTest" classname="idimsh.ParallelProcessesUnitTest.BackgroundProcessesConfigTest" file="/srv/tests/unit/BackgroundProcessesConfigTest.php" line="43" assertions="2" time="0.002216"/>
      <testcase name="testGetProcessSleepMSec" class="idimsh\ParallelProcessesUnitTest\BackgroundProcessesConfigTest" classname="idimsh.ParallelProcessesUnitTest.BackgroundProcessesConfigTest" file="/srv/tests/unit/BackgroundProcessesConfigTest.php" line="49" assertions="1" time="0.002893"/>
      <testcase name="testSetProcessSleepMSec" class="idimsh\ParallelProcessesUnitTest\BackgroundProcessesConfigTest" classname="idimsh.ParallelProcessesUnitTest.BackgroundProcessesConfigTest" file="/srv/tests/unit/BackgroundProcessesConfigTest.php" line="54" assertions="2" time="0.002165"/>
      <testcase name="testGetCallbackProcessExit" class="idimsh\ParallelProcessesUnitTest\BackgroundProcessesConfigTest" classname="idimsh.ParallelProcessesUnitTest.BackgroundProcessesConfigTest" file="/srv/tests/unit/BackgroundProcessesConfigTest.php" line="60" assertions="1" time="0.002076"/>
      <testcase name="testSetCallbackProcessExit" class="idimsh\ParallelProcessesUnitTest\BackgroundProcessesConfigTest" classname="idimsh.ParallelProcessesUnitTest.BackgroundProcessesConfigTest" file="/srv/tests/unit/BackgroundProcessesConfigTest.php" line="65" assertions="2" time="0.002635"/>
      <testcase name="testGetCallbackProcessStreamRead" class="idimsh\ParallelProcessesUnitTest\BackgroundProcessesConfigTest" classname="idimsh.ParallelProcessesUnitTest.BackgroundProcessesConfigTest" file="/srv/tests/unit/BackgroundProcessesConfigTest.php" line="72" assertions="1" time="0.002579"/>
      <testcase name="testSetCallbackProcessStreamRead" class="idimsh\ParallelProcessesUnitTest\BackgroundProcessesConfigTest" classname="idimsh.ParallelProcessesUnitTest.BackgroundProcessesConfigTest" file="/srv/tests/unit/BackgroundProcessesConfigTest.php" line="77" assertions="2" time="0.003457"/>
      <testcase name="testGetCallbackOnBeforeStart" class="idimsh\ParallelProcessesUnitTest\BackgroundProcessesConfigTest" classname="idimsh.ParallelProcessesUnitTest.BackgroundProcessesConfigTest" file="/srv/tests/unit/BackgroundProcessesConfigTest.php" line="84" assertions="1" time="0.002293"/>
      <testcase name="testSetCallbackOnBeforeStart" class="idimsh\ParallelProcessesUnitTest\BackgroundProcessesConfigTest" classname="idimsh.ParallelProcessesUnitTest.BackgroundProcessesConfigTest" file="/srv/tests/unit/BackgroundProcessesConfigTest.php" line="89" assertions="2" time="0.002732"/>
    </testsuite>
    <testsuite name="idimsh\ParallelProcessesUnitTest\Command\SimpleCommandTest" file="/srv/tests/unit/Command/SimpleCommandTest.php" tests="12" assertions="19" errors="0" warnings="0" failures="0" skipped="0" time="0.065466">
      <testcase name="testFromString" class="idimsh\ParallelProcessesUnitTest\Command\SimpleCommandTest" classname="idimsh.ParallelProcessesUnitTest.Command.SimpleCommandTest" file="/srv/tests/unit/Command/SimpleCommandTest.php" line="25" assertions="2" time="0.037131"/>
      <testcase name="testGetCommandParts" class="idimsh\ParallelProcessesUnitTest\Command\SimpleCommandTest" classname="idimsh.ParallelProcessesUnitTest.Command.SimpleCommandTest" file="/srv/tests/unit/Command/SimpleCommandTest.php" line="42" assertions="2" time="0.002898"/>
      <testcase name="testIsAsShellEscaped" class="idimsh\ParallelProcessesUnitTest\Command\SimpleCommandTest" classname="idimsh.ParallelProcessesUnitTest.Command.SimpleCommandTest" file="/srv/tests/unit/Command/SimpleCommandTest.php" line="58" assertions="1" time="0.002372"/>
      <testcase name="testSetAsShellEscaped" class="idimsh\ParallelProcessesUnitTest\Command\SimpleCommandTest" classname="idimsh.ParallelProcessesUnitTest.Command.SimpleCommandTest" file="/srv/tests/unit/Command/SimpleCommandTest.php" line="66" assertions="2" time="0.002285"/>
      <testcase name="testGetCwd" class="idimsh\ParallelProcessesUnitTest\Command\SimpleCommandTest" classname="idimsh.ParallelProcessesUnitTest.Command.SimpleCommandTest" file="/srv/tests/unit/Command/SimpleCommandTest.php" line="75" assertions="1" time="0.002393"/>
      <testcase name="testSetCwd" class="idimsh\ParallelProcessesUnitTest\Command\SimpleCommandTest" classname="idimsh.ParallelProcessesUnitTest.Command.SimpleCommandTest" file="/srv/tests/unit/Command/SimpleCommandTest.php" line="83" assertions="2" time="0.002770"/>
      <testcase name="testGetEnv" class="idimsh\ParallelProcessesUnitTest\Command\SimpleCommandTest" classname="idimsh.ParallelProcessesUnitTest.Command.SimpleCommandTest" file="/srv/tests/unit/Command/SimpleCommandTest.php" line="92" assertions="1" time="0.002298"/>
      <testcase name="testSetEnv" class="idimsh\ParallelProcessesUnitTest\Command\SimpleCommandTest" classname="idimsh.ParallelProcessesUnitTest.Command.SimpleCommandTest" file="/srv/tests/unit/Command/SimpleCommandTest.php" line="100" assertions="2" time="0.002713"/>
      <testcase name="testGetInput" class="idimsh\ParallelProcessesUnitTest\Command\SimpleCommandTest" classname="idimsh.ParallelProcessesUnitTest.Command.SimpleCommandTest" file="/srv/tests/unit/Command/SimpleCommandTest.php" line="109" assertions="1" time="0.002304"/>
      <testcase name="testSetInput" class="idimsh\ParallelProcessesUnitTest\Command\SimpleCommandTest" classname="idimsh.ParallelProcessesUnitTest.Command.SimpleCommandTest" file="/srv/tests/unit/Command/SimpleCommandTest.php" line="117" assertions="2" time="0.002666"/>
      <testcase name="testGetTimeout" class="idimsh\ParallelProcessesUnitTest\Command\SimpleCommandTest" classname="idimsh.ParallelProcessesUnitTest.Command.SimpleCommandTest" file="/srv/tests/unit/Command/SimpleCommandTest.php" line="126" assertions="1" time="0.002384"/>
      <testcase name="testSetTimeout" class="idimsh\ParallelProcessesUnitTest\Command\SimpleCommandTest" classname="idimsh.ParallelProcessesUnitTest.Command.SimpleCommandTest" file="/srv/tests/unit/Command/SimpleCommandTest.php" line="134" assertions="2" time="0.003252"/>
    </testsuite>
    <testsuite name="idimsh\ParallelProcessesUnitTest\NewProcessFactoryTest" file="/srv/tests/unit/NewProcessFactoryTest.php" tests="5" assertions="16" errors="0" warnings="0" failures="0" skipped="0" time="0.303011">
      <testcase name="testNewProcess" class="idimsh\ParallelProcessesUnitTest\NewProcessFactoryTest" classname="idimsh.ParallelProcessesUnitTest.NewProcessFactoryTest" file="/srv/tests/unit/NewProcessFactoryTest.php" line="28" assertions="6" time="0.085055"/>
      <testcase name="testNewProcessOnException" class="idimsh\ParallelProcessesUnitTest\NewProcessFactoryTest" classname="idimsh.ParallelProcessesUnitTest.NewProcessFactoryTest" file="/srv/tests/unit/NewProcessFactoryTest.php" line="47" assertions="1" time="0.126704"/>
      <testcase name="testNewProcessFromShellEscaped" class="idimsh\ParallelProcessesUnitTest\NewProcessFactoryTest" classname="idimsh.ParallelProcessesUnitTest.NewProcessFactoryTest" file="/srv/tests/unit/NewProcessFactoryTest.php" line="61" assertions="6" time="0.004001"/>
      <testcase name="testNewProcessFromShellEscapedOnException" class="idimsh\ParallelProcessesUnitTest\NewProcessFactoryTest" classname="idimsh.ParallelProcessesUnitTest.NewProcessFactoryTest" file="/srv/tests/unit/NewProcessFactoryTest.php" line="80" assertions="1" time="0.006116"/>
      <testcase name="testGetPhpBinaryPath" class="idimsh\ParallelProcessesUnitTest\NewProcessFactoryTest" classname="idimsh.ParallelProcessesUnitTest.NewProcessFactoryTest" file="/srv/tests/unit/NewProcessFactoryTest.php" line="94" assertions="2" time="0.081135"/>
    </testsuite>
    <testsuite name="idimsh\ParallelProcessesUnitTest\ParallelCliProcessesTest" file="/srv/tests/unit/ParallelCliProcessesTest.php" tests="31" assertions="118" errors="0" warnings="0" failures="0" skipped="0" time="1.985890">
      <testcase name="testExecWithLoop" class="idimsh\ParallelProcessesUnitTest\ParallelCliProcessesTest" classname="idimsh.ParallelProcessesUnitTest.ParallelCliProcessesTest" file="/srv/tests/unit/ParallelCliProcessesTest.php" line="68" assertions="2" time="1.160342"/>
      <testcase name="testExec" class="idimsh\ParallelProcessesUnitTest\ParallelCliProcessesTest" classname="idimsh.ParallelProcessesUnitTest.ParallelCliProcessesTest" file="/srv/tests/unit/ParallelCliProcessesTest.php" line="94" assertions="1" time="0.068100"/>
      <testcase name="testIsAnyRunning" class="idimsh\ParallelProcessesUnitTest\ParallelCliProcessesTest" classname="idimsh.ParallelProcessesUnitTest.ParallelCliProcessesTest" file="/srv/tests/unit/ParallelCliProcessesTest.php" line="112" assertions="2" time="0.034478"/>
      <testcase name="testIsAnyRunningWhenTrue" class="idimsh\ParallelProcessesUnitTest\ParallelCliProcessesTest" classname="idimsh.ParallelProcessesUnitTest.ParallelCliProcessesTest" file="/srv/tests/unit/ParallelCliProcessesTest.php" line="122" assertions="2" time="0.032567"/>
      <testcase name="testCountRunning" class="idimsh\ParallelProcessesUnitTest\ParallelCliProcessesTest" classname="idimsh.ParallelProcessesUnitTest.ParallelCliProcessesTest" file="/srv/tests/unit/ParallelCliProcessesTest.php" line="132" assertions="2" time="0.071891"/>
      <testcase name="testCountRunningZero" class="idimsh\ParallelProcessesUnitTest\ParallelCliProcessesTest" classname="idimsh.ParallelProcessesUnitTest.ParallelCliProcessesTest" file="/srv/tests/unit/ParallelCliProcessesTest.php" line="150" assertions="2" time="0.013242"/>
      <testcase name="testGetLoop" class="idimsh\ParallelProcessesUnitTest\ParallelCliProcessesTest" classname="idimsh.ParallelProcessesUnitTest.ParallelCliProcessesTest" file="/srv/tests/unit/ParallelCliProcessesTest.php" line="162" assertions="1" time="0.007201"/>
      <testcase name="testGetLogger" class="idimsh\ParallelProcessesUnitTest\ParallelCliProcessesTest" classname="idimsh.ParallelProcessesUnitTest.ParallelCliProcessesTest" file="/srv/tests/unit/ParallelCliProcessesTest.php" line="170" assertions="1" time="0.008435"/>
      <testcase name="testStopAll" class="idimsh\ParallelProcessesUnitTest\ParallelCliProcessesTest" classname="idimsh.ParallelProcessesUnitTest.ParallelCliProcessesTest" file="/srv/tests/unit/ParallelCliProcessesTest.php" line="178" assertions="2" time="0.012992"/>
      <testcase name="testStopAllWhenStopped" class="idimsh\ParallelProcessesUnitTest\ParallelCliProcessesTest" classname="idimsh.ParallelProcessesUnitTest.ParallelCliProcessesTest" file="/srv/tests/unit/ParallelCliProcessesTest.php" line="200" assertions="1" time="0.008553"/>
      <testcase name="testStopAllInternal" class="idimsh\ParallelProcessesUnitTest\ParallelCliProcessesTest" classname="idimsh.ParallelProcessesUnitTest.ParallelCliProcessesTest" file="/srv/tests/unit/ParallelCliProcessesTest.php" line="213" assertions="4" time="0.091408"/>
      <testcase name="testNextLoop" class="idimsh\ParallelProcessesUnitTest\ParallelCliProcessesTest" classname="idimsh.ParallelProcessesUnitTest.ParallelCliProcessesTest" file="/srv/tests/unit/ParallelCliProcessesTest.php" line="251" assertions="2" time="0.023143"/>
      <testcase name="testNextLoopWhenCanNotRunMoreProcesses" class="idimsh\ParallelProcessesUnitTest\ParallelCliProcessesTest" classname="idimsh.ParallelProcessesUnitTest.ParallelCliProcessesTest" file="/srv/tests/unit/ParallelCliProcessesTest.php" line="295" assertions="3" time="0.030362"/>
      <testcase name="testNextLoopWhenStopped" class="idimsh\ParallelProcessesUnitTest\ParallelCliProcessesTest" classname="idimsh.ParallelProcessesUnitTest.ParallelCliProcessesTest" file="/srv/tests/unit/ParallelCliProcessesTest.php" line="341" assertions="2" time="0.012983"/>
      <testcase name="testNextLoopWhenCommandsArrayEmpty" class="idimsh\ParallelProcessesUnitTest\ParallelCliProcessesTest" classname="idimsh.ParallelProcessesUnitTest.ParallelCliProcessesTest" file="/srv/tests/unit/ParallelCliProcessesTest.php" line="370" assertions="2" time="0.010975"/>
      <testcase name="testExecNext" class="idimsh\ParallelProcessesUnitTest\ParallelCliProcessesTest" classname="idimsh.ParallelProcessesUnitTest.ParallelCliProcessesTest" file="/srv/tests/unit/ParallelCliProcessesTest.php" line="395" assertions="3" time="0.016801"/>
      <testcase name="testExecNextWhenCommandsArrayEmpty" class="idimsh\ParallelProcessesUnitTest\ParallelCliProcessesTest" classname="idimsh.ParallelProcessesUnitTest.ParallelCliProcessesTest" file="/srv/tests/unit/ParallelCliProcessesTest.php" line="428" assertions="3" time="0.009730"/>
      <testcase name="testExecNextWhenProcessIsNull" class="idimsh\ParallelProcessesUnitTest\ParallelCliProcessesTest" classname="idimsh.ParallelProcessesUnitTest.ParallelCliProcessesTest" file="/srv/tests/unit/ParallelCliProcessesTest.php" line="454" assertions="3" time="0.014670"/>
      <testcase name="testPeriodicCheckRunning" class="idimsh\ParallelProcessesUnitTest\ParallelCliProcessesTest" classname="idimsh.ParallelProcessesUnitTest.ParallelCliProcessesTest" file="/srv/tests/unit/ParallelCliProcessesTest.php" line="484" assertions="3" time="0.019069"/>
      <testcase name="testPeriodicCheckRunningWhenNothingIsRunning" class="idimsh\ParallelProcessesUnitTest\ParallelCliProcessesTest" classname="idimsh.ParallelProcessesUnitTest.ParallelCliProcessesTest" file="/srv/tests/unit/ParallelCliProcessesTest.php" line="511" assertions="3" time="0.018057"/>
      <testcase name="testPeriodicCheckRunningWhenStopped" class="idimsh\ParallelProcessesUnitTest\ParallelCliProcessesTest" classname="idimsh.ParallelProcessesUnitTest.ParallelCliProcessesTest" file="/srv/tests/unit/ParallelCliProcessesTest.php" line="526" assertions="3" time="0.012918"/>
      <testcase name="testGetRunningProcesses" class="idimsh\ParallelProcessesUnitTest\ParallelCliProcessesTest" classname="idimsh.ParallelProcessesUnitTest.ParallelCliProcessesTest" file="/srv/tests/unit/ParallelCliProcessesTest.php" line="541" assertions="4" time="0.042459"/>
      <testcase name="testProcessStopProcedure" class="idimsh\ParallelProcessesUnitTest\ParallelCliProcessesTest" classname="idimsh.ParallelProcessesUnitTest.ParallelCliProcessesTest" file="/srv/tests/unit/ParallelCliProcessesTest.php" line="574" assertions="10" time="0.027110"/>
      <testsuite name="idimsh\ParallelProcessesUnitTest\ParallelCliProcessesTest::testCanRunMoreProcesses" tests="5" assertions="15" errors="0" warnings="0" failures="0" skipped="0" time="0.070997">
        <testcase name="testCanRunMoreProcesses with data set &quot;#00&quot;" class="idimsh\ParallelProcessesUnitTest\ParallelCliProcessesTest" classname="idimsh.ParallelProcessesUnitTest.ParallelCliProcessesTest" file="/srv/tests/unit/ParallelCliProcessesTest.php" line="641" assertions="3" time="0.014194"/>
        <testcase name="testCanRunMoreProcesses with data set &quot;#01&quot;" class="idimsh\ParallelProcessesUnitTest\ParallelCliProcessesTest" classname="idimsh.ParallelProcessesUnitTest.ParallelCliProcessesTest" file="/srv/tests/unit/ParallelCliProcessesTest.php" line="641" assertions="3" time="0.013835"/>
        <testcase name="testCanRunMoreProcesses with data set &quot;#02&quot;" class="idimsh\ParallelProcessesUnitTest\ParallelCliProcessesTest" classname="idimsh.ParallelProcessesUnitTest.ParallelCliProcessesTest" file="/srv/tests/unit/ParallelCliProcessesTest.php" line="641" assertions="3" time="0.014814"/>
        <testcase name="testCanRunMoreProcesses with data set &quot;#03&quot;" class="idimsh\ParallelProcessesUnitTest\ParallelCliProcessesTest" classname="idimsh.ParallelProcessesUnitTest.ParallelCliProcessesTest" file="/srv/tests/unit/ParallelCliProcessesTest.php" line="641" assertions="3" time="0.014558"/>
        <testcase name="testCanRunMoreProcesses with data set &quot;#04&quot;" class="idimsh\ParallelProcessesUnitTest\ParallelCliProcessesTest" classname="idimsh.ParallelProcessesUnitTest.ParallelCliProcessesTest" file="/srv/tests/unit/ParallelCliProcessesTest.php" line="641" assertions="3" time="0.013596"/>
      </testsuite>
      <testsuite name="idimsh\ParallelProcessesUnitTest\ParallelCliProcessesTest::testStartBackgroundProcess" tests="2" assertions="36" errors="0" warnings="0" failures="0" skipped="0" time="0.104289">
        <testcase name="testStartBackgroundProcess with data set #0" class="idimsh\ParallelProcessesUnitTest\ParallelCliProcessesTest" classname="idimsh.ParallelProcessesUnitTest.ParallelCliProcessesTest" file="/srv/tests/unit/ParallelCliProcessesTest.php" line="671" assertions="18" time="0.051660"/>
        <testcase name="testStartBackgroundProcess with data set #1" class="idimsh\ParallelProcessesUnitTest\ParallelCliProcessesTest" classname="idimsh.ParallelProcessesUnitTest.ParallelCliProcessesTest" file="/srv/tests/unit/ParallelCliProcessesTest.php" line="671" assertions="18" time="0.052629"/>
      </testsuite>
      <testcase name="testResetStatus" class="idimsh\ParallelProcessesUnitTest\ParallelCliProcessesTest" classname="idimsh.ParallelProcessesUnitTest.ParallelCliProcessesTest" file="/srv/tests/unit/ParallelCliProcessesTest.php" line="780" assertions="6" time="0.063118"/>
    </testsuite>
  </testsuite>
</testsuites>
